<?xml version="1.0" encoding="UTF-8"?>
<!-- Generated by org.testng.reporters.JUnitXMLReporter -->
<testsuite ignored="0" hostname="RAvitejA" failures="1" tests="4" name="e commerce test" time="18.816" errors="0" timestamp="2024-12-25T20:35:26 IST">
  <testcase classname="ravi.frameworks.e_commerce" name="submitOrder" time="4.65"/>
  <testcase classname="ravi.frameworks.e_commerce" name="submitOrder" time="0.724">
    <failure type="java.lang.NullPointerException" message="Cannot invoke &amp;quot;org.openqa.selenium.WebElement.findElement(org.openqa.selenium.By)&amp;quot; because &amp;quot;prod&amp;quot; is null">
      <![CDATA[java.lang.NullPointerException: Cannot invoke "org.openqa.selenium.WebElement.findElement(org.openqa.selenium.By)" because "prod" is null
at pageObjects.productCatalogue.addProductToCart(productCatalogue.java:45)
at ravi.frameworks.e_commerce.submitOrder(e_commerce.java:29)
at java.base/java.util.ArrayList.forEach(ArrayList.java:1511)
at java.base/java.util.concurrent.FutureTask.run(FutureTask.java:264)
at java.base/java.util.concurrent.ThreadPoolExecutor.runWorker(ThreadPoolExecutor.java:1136)
at java.base/java.util.concurrent.ThreadPoolExecutor$Worker.run(ThreadPoolExecutor.java:635)
at java.base/java.lang.Thread.run(Thread.java:833)
... Removed 15 stack frames]]>
    </failure>
  </testcase> <!-- submitOrder -->
  <testcase classname="ravi.frameworks.e_commerce" name="submitOrder" time="3.025"/>
  <testcase classname="ravi.frameworks.e_commerce" name="orderHistoryTest" time="0.0">
    <skipped/>
  </testcase> <!-- orderHistoryTest -->
</testsuite> <!-- e commerce test -->
