<?xml version="1.0" encoding="UTF-8"?>
<!-- Generated by org.testng.reporters.JUnitXMLReporter -->
<testsuite ignored="2" hostname="RAvitejA" failures="0" tests="0" time="0.016" errors="0" timestamp="2024-12-25T23:38:46 IST">
  <testcase classname="ravi.frameworks.ErrorValid" name="loginErrorValidation" time="0.0">
    <ignored/>
  </testcase> <!-- loginErrorValidation -->
  <testcase classname="ravi.frameworks.ErrorValid" name="productValidationTest" time="0.0">
    <ignored/>
  </testcase> <!-- productValidationTest -->
</testsuite>
