<?xml version="1.0" encoding="UTF-8"?>
<testng-results ignored="0" total="3" passed="1" failed="2" skipped="0">
  <reporter-output>
  </reporter-output>
  <suite started-at="2024-12-25T23:27:04 IST" name="Suite" finished-at="2024-12-25T23:27:19 IST" duration-ms="15891">
    <groups>
      <group name="purchase">
        <method signature="e_commerce.submitOrder(java.util.HashMap)[pri:0, instance:ravi.frameworks.e_commerce@35cabb2a]" name="submitOrder" class="ravi.frameworks.e_commerce"/>
      </group> <!-- purchase -->
    </groups>
    <test started-at="2024-12-25T23:27:04 IST" name="error validation test" finished-at="2024-12-25T23:27:04 IST" duration-ms="10">
    </test> <!-- error validation test -->
    <test started-at="2024-12-25T23:27:04 IST" name="purchase test" finished-at="2024-12-25T23:27:19 IST" duration-ms="15891">
      <class name="ravi.frameworks.e_commerce">
        <test-method is-config="true" signature="lauchApplication()[pri:0, instance:ravi.frameworks.e_commerce@35cabb2a]" started-at="2024-12-25T23:27:04 IST" name="lauchApplication" finished-at="2024-12-25T23:27:08 IST" duration-ms="3799" status="PASS">
          <reporter-output>
          </reporter-output>
        </test-method> <!-- lauchApplication -->
        <test-method signature="submitOrder(java.util.HashMap)[pri:0, instance:ravi.frameworks.e_commerce@35cabb2a]" started-at="2024-12-25T23:27:08 IST" name="submitOrder" data-provider="getData" finished-at="2024-12-25T23:27:08 IST" duration-ms="877" status="FAIL">
          <params>
            <param index="0">
              <value>
                <![CDATA[{password=Ravi@123, email=ravi11@gmail.com, productName=Banarsi Saree}]]>
              </value>
            </param>
          </params>
          <exception class="java.lang.NullPointerException">
            <message>
              <![CDATA[Cannot invoke "org.openqa.selenium.WebElement.findElement(org.openqa.selenium.By)" because "prod" is null]]>
            </message>
            <full-stacktrace>
              <![CDATA[java.lang.NullPointerException: Cannot invoke "org.openqa.selenium.WebElement.findElement(org.openqa.selenium.By)" because "prod" is null
at pageObjects.productCatalogue.addProductToCart(productCatalogue.java:45)
at ravi.frameworks.e_commerce.submitOrder(e_commerce.java:29)
at java.base/jdk.internal.reflect.DirectMethodHandleAccessor.invoke(DirectMethodHandleAccessor.java:103)
at java.base/java.lang.reflect.Method.invoke(Method.java:580)
at org.testng.internal.invokers.MethodInvocationHelper.invokeMethod(MethodInvocationHelper.java:141)
at org.testng.internal.invokers.TestInvoker.invokeMethod(TestInvoker.java:686)
at org.testng.internal.invokers.TestInvoker.invokeTestMethod(TestInvoker.java:230)
at org.testng.internal.invokers.MethodRunner.runInSequence(MethodRunner.java:63)
at org.testng.internal.invokers.TestInvoker$MethodInvocationAgent.invoke(TestInvoker.java:992)
at org.testng.internal.invokers.TestInvoker.invokeTestMethods(TestInvoker.java:203)
at org.testng.internal.invokers.TestMethodWorker.invokeTestMethods(TestMethodWorker.java:154)
at org.testng.internal.invokers.TestMethodWorker.run(TestMethodWorker.java:134)
at java.base/java.util.ArrayList.forEach(ArrayList.java:1596)
at org.testng.TestRunner.privateRun(TestRunner.java:739)
at org.testng.TestRunner.run(TestRunner.java:614)
at org.testng.SuiteRunner.runTest(SuiteRunner.java:421)
at org.testng.SuiteRunner$SuiteWorker.run(SuiteRunner.java:463)
at org.testng.internal.thread.ThreadUtil.lambda$execute$0(ThreadUtil.java:64)
at java.base/java.util.concurrent.FutureTask.run(FutureTask.java:317)
at java.base/java.util.concurrent.ThreadPoolExecutor.runWorker(ThreadPoolExecutor.java:1144)
at java.base/java.util.concurrent.ThreadPoolExecutor$Worker.run(ThreadPoolExecutor.java:642)
at java.base/java.lang.Thread.run(Thread.java:1583)
]]>
            </full-stacktrace>
          </exception> <!-- java.lang.NullPointerException -->
          <reporter-output>
          </reporter-output>
        </test-method> <!-- submitOrder -->
        <test-method is-config="true" signature="tearDown()[pri:0, instance:ravi.frameworks.e_commerce@35cabb2a]" started-at="2024-12-25T23:27:08 IST" name="tearDown" finished-at="2024-12-25T23:27:09 IST" duration-ms="263" status="PASS">
          <reporter-output>
          </reporter-output>
        </test-method> <!-- tearDown -->
        <test-method is-config="true" signature="lauchApplication()[pri:0, instance:ravi.frameworks.e_commerce@35cabb2a]" started-at="2024-12-25T23:27:09 IST" name="lauchApplication" finished-at="2024-12-25T23:27:12 IST" duration-ms="3298" status="PASS">
          <reporter-output>
          </reporter-output>
        </test-method> <!-- lauchApplication -->
        <test-method signature="submitOrder(java.util.HashMap)[pri:0, instance:ravi.frameworks.e_commerce@35cabb2a]" started-at="2024-12-25T23:27:12 IST" name="submitOrder" data-provider="getData" finished-at="2024-12-25T23:27:13 IST" duration-ms="907" status="FAIL">
          <params>
            <param index="0">
              <value>
                <![CDATA[{password=Ravi@123, email=teja112@gmail.com, productName=ZARA COAT 3}]]>
              </value>
            </param>
          </params>
          <exception class="java.lang.NullPointerException">
            <message>
              <![CDATA[Cannot invoke "org.openqa.selenium.WebElement.findElement(org.openqa.selenium.By)" because "prod" is null]]>
            </message>
            <full-stacktrace>
              <![CDATA[java.lang.NullPointerException: Cannot invoke "org.openqa.selenium.WebElement.findElement(org.openqa.selenium.By)" because "prod" is null
at pageObjects.productCatalogue.addProductToCart(productCatalogue.java:45)
at ravi.frameworks.e_commerce.submitOrder(e_commerce.java:29)
at java.base/jdk.internal.reflect.DirectMethodHandleAccessor.invoke(DirectMethodHandleAccessor.java:103)
at java.base/java.lang.reflect.Method.invoke(Method.java:580)
at org.testng.internal.invokers.MethodInvocationHelper.invokeMethod(MethodInvocationHelper.java:141)
at org.testng.internal.invokers.TestInvoker.invokeMethod(TestInvoker.java:686)
at org.testng.internal.invokers.TestInvoker.invokeTestMethod(TestInvoker.java:230)
at org.testng.internal.invokers.MethodRunner.runInSequence(MethodRunner.java:63)
at org.testng.internal.invokers.TestInvoker$MethodInvocationAgent.invoke(TestInvoker.java:992)
at org.testng.internal.invokers.TestInvoker.invokeTestMethods(TestInvoker.java:203)
at org.testng.internal.invokers.TestMethodWorker.invokeTestMethods(TestMethodWorker.java:154)
at org.testng.internal.invokers.TestMethodWorker.run(TestMethodWorker.java:134)
at java.base/java.util.ArrayList.forEach(ArrayList.java:1596)
at org.testng.TestRunner.privateRun(TestRunner.java:739)
at org.testng.TestRunner.run(TestRunner.java:614)
at org.testng.SuiteRunner.runTest(SuiteRunner.java:421)
at org.testng.SuiteRunner$SuiteWorker.run(SuiteRunner.java:463)
at org.testng.internal.thread.ThreadUtil.lambda$execute$0(ThreadUtil.java:64)
at java.base/java.util.concurrent.FutureTask.run(FutureTask.java:317)
at java.base/java.util.concurrent.ThreadPoolExecutor.runWorker(ThreadPoolExecutor.java:1144)
at java.base/java.util.concurrent.ThreadPoolExecutor$Worker.run(ThreadPoolExecutor.java:642)
at java.base/java.lang.Thread.run(Thread.java:1583)
]]>
            </full-stacktrace>
          </exception> <!-- java.lang.NullPointerException -->
          <reporter-output>
          </reporter-output>
        </test-method> <!-- submitOrder -->
        <test-method is-config="true" signature="tearDown()[pri:0, instance:ravi.frameworks.e_commerce@35cabb2a]" started-at="2024-12-25T23:27:13 IST" name="tearDown" finished-at="2024-12-25T23:27:13 IST" duration-ms="265" status="PASS">
          <reporter-output>
          </reporter-output>
        </test-method> <!-- tearDown -->
        <test-method is-config="true" signature="lauchApplication()[pri:0, instance:ravi.frameworks.e_commerce@35cabb2a]" started-at="2024-12-25T23:27:13 IST" name="lauchApplication" finished-at="2024-12-25T23:27:16 IST" duration-ms="3007" status="PASS">
          <reporter-output>
          </reporter-output>
        </test-method> <!-- lauchApplication -->
        <test-method signature="submitOrder(java.util.HashMap)[pri:0, instance:ravi.frameworks.e_commerce@35cabb2a]" started-at="2024-12-25T23:27:16 IST" name="submitOrder" data-provider="getData" finished-at="2024-12-25T23:27:19 IST" duration-ms="3033" status="PASS">
          <params>
            <param index="0">
              <value>
                <![CDATA[{password=Ravi@123, email=ravi11@gmail.com, productName=ADIDAS ORIGINAL}]]>
              </value>
            </param>
          </params>
          <reporter-output>
          </reporter-output>
        </test-method> <!-- submitOrder -->
        <test-method is-config="true" signature="tearDown()[pri:0, instance:ravi.frameworks.e_commerce@35cabb2a]" started-at="2024-12-25T23:27:19 IST" name="tearDown" finished-at="2024-12-25T23:27:19 IST" duration-ms="178" status="PASS">
          <reporter-output>
          </reporter-output>
        </test-method> <!-- tearDown -->
      </class> <!-- ravi.frameworks.e_commerce -->
    </test> <!-- purchase test -->
  </suite> <!-- Suite -->
</testng-results>
