<?xml version="1.0" encoding="UTF-8"?>
<!-- Generated by org.testng.reporters.JUnitReportReporter -->
<testsuite hostname="RAvitejA" failures="0" tests="2" name="ravi.frameworks.ErrorValid" time="8.360" errors="0" timestamp="2024-12-25T23:26:19 IST" skipped="0">
  <testcase classname="ravi.frameworks.ErrorValid" name="productValidationTest" time="4.264"/>
  <testcase classname="ravi.frameworks.ErrorValid" name="loginErrorValidation" time="4.096"/>
</testsuite> <!-- ravi.frameworks.ErrorValid -->
